# JRE version: OpenJDK Runtime Environment Temurin-21.0.10+7 (21.0.10+7) (build 21.0.10+7-LTS)
# Java VM: OpenJDK 64-Bit Server VM Temurin-21.0.10+7 (21.0.10+7-LTS, mixed mode, sharing, tiered, compressed oops, compressed class ptrs, parallel gc, windows-amd64)
GC Precious Log:
 CardTable entry size: 512
 CPUs: 12 total, 12 available
 Memory: 7830M
 Large Page Support: Disabled
 NUMA Support: Disabled
 Compressed Oops: Enabled (32-bit)
 Alignments: Space 512K, Generation 512K, Heap 2M
 Heap Min Capacity: 100M
 Heap Initial Capacity: 100M
 Heap Max Capacity: 2G
 Pre-touch: Disabled
 Parallel Workers: 10
Heap:
 PSYoungGen      total 8192K, used 1207K [0x00000000d5580000, 0x00000000d6200000, 0x0000000100000000)
  eden space 7680K, 11% used [0x00000000d5580000,0x00000000d5665fc0,0x00000000d5d00000)
  from space 512K, 56% used [0x00000000d6100000,0x00000000d6148000,0x00000000d6180000)
  to   space 512K, 0% used [0x00000000d6180000,0x00000000d6180000,0x00000000d6200000)
 ParOldGen       total 158720K, used 158405K [0x0000000080000000, 0x0000000089b00000, 0x00000000d5580000)
  object space 158720K, 99% used [0x0000000080000000,0x0000000089ab1798,0x0000000089b00000)
 Metaspace       used 73327K, committed 74880K, reserved 1179648K
  class space    used 7852K, committed 8512K, reserved 1048576K
GC Heap History (20 events):
Event: 1701.491 GC heap before
{Heap before GC invocations=189 (full 3):
 PSYoungGen      total 8192K, used 8183K [0x00000000d5580000, 0x00000000d6000000, 0x0000000100000000)
  eden space 7680K, 100% used [0x00000000d5580000,0x00000000d5d00000,0x00000000d5d00000)
  from space 512K, 98% used [0x00000000d5f00000,0x00000000d5f7dd08,0x00000000d5f80000)
  to   space 512K, 0% used [0x00000000d5f80000,0x00000000d5f80000,0x00000000d6000000)
 ParOldGen       total 152064K, used 151729K [0x0000000080000000, 0x0000000089480000, 0x00000000d5580000)
  object space 152064K, 99% used [0x0000000080000000,0x000000008942c518,0x0000000089480000)
 Metaspace       used 73133K, committed 74688K, reserved 1179648K
  class space    used 7826K, committed 8512K, reserved 1048576K
}
Event: 1701.493 GC heap after
{Heap after GC invocations=189 (full 3):
 PSYoungGen      total 8192K, used 504K [0x00000000d5580000, 0x00000000d6000000, 0x0000000100000000)
  eden space 7680K, 0% used [0x00000000d5580000,0x00000000d5580000,0x00000000d5d00000)
  from space 512K, 98% used [0x00000000d5f80000,0x00000000d5ffe388,0x00000000d6000000)
  to   space 1024K, 0% used [0x00000000d5e00000,0x00000000d5e00000,0x00000000d5f00000)
 ParOldGen       total 152576K, used 152131K [0x0000000080000000, 0x0000000089500000, 0x00000000d5580000)
  object space 152576K, 99% used [0x0000000080000000,0x0000000089490cc8,0x0000000089500000)
 Metaspace       used 73133K, committed 74688K, reserved 1179648K
  class space    used 7826K, committed 8512K, reserved 1048576K
}
Event: 1701.515 GC heap before
{Heap before GC invocations=190 (full 3):
 PSYoungGen      total 8192K, used 8184K [0x00000000d5580000, 0x00000000d6000000, 0x0000000100000000)
  eden space 7680K, 100% used [0x00000000d5580000,0x00000000d5d00000,0x00000000d5d00000)
  from space 512K, 98% used [0x00000000d5f80000,0x00000000d5ffe388,0x00000000d6000000)
  to   space 1024K, 0% used [0x00000000d5e00000,0x00000000d5e00000,0x00000000d5f00000)
 ParOldGen       total 152576K, used 152131K [0x0000000080000000, 0x0000000089500000, 0x00000000d5580000)
  object space 152576K, 99% used [0x0000000080000000,0x0000000089490cc8,0x0000000089500000)
 Metaspace       used 73133K, committed 74688K, reserved 1179648K
  class space    used 7826K, committed 8512K, reserved 1048576K
}
Event: 1701.519 GC heap after
{Heap after GC invocations=190 (full 3):
 PSYoungGen      total 8704K, used 395K [0x00000000d5580000, 0x00000000d6000000, 0x0000000100000000)
  eden space 7680K, 0% used [0x00000000d5580000,0x00000000d5580000,0x00000000d5d00000)
  from space 1024K, 38% used [0x00000000d5e00000,0x00000000d5e62fb0,0x00000000d5f00000)
  to   space 1024K, 0% used [0x00000000d5f00000,0x00000000d5f00000,0x00000000d6000000)
 ParOldGen       total 152576K, used 152486K [0x0000000080000000, 0x0000000089500000, 0x00000000d5580000)
  object space 152576K, 99% used [0x0000000080000000,0x00000000894e9ba8,0x0000000089500000)
 Metaspace       used 73133K, committed 74688K, reserved 1179648K
  class space    used 7826K, committed 8512K, reserved 1048576K
}
Event: 1701.581 GC heap before
{Heap before GC invocations=191 (full 3):
 PSYoungGen      total 8704K, used 8075K [0x00000000d5580000, 0x00000000d6000000, 0x0000000100000000)
  eden space 7680K, 100% used [0x00000000d5580000,0x00000000d5d00000,0x00000000d5d00000)
  from space 1024K, 38% used [0x00000000d5e00000,0x00000000d5e62fb0,0x00000000d5f00000)
  to   space 1024K, 0% used [0x00000000d5f00000,0x00000000d5f00000,0x00000000d6000000)
 ParOldGen       total 152576K, used 152486K [0x0000000080000000, 0x0000000089500000, 0x00000000d5580000)
  object space 152576K, 99% used [0x0000000080000000,0x00000000894e9ba8,0x0000000089500000)
 Metaspace       used 73144K, committed 74688K, reserved 1179648K
  class space    used 7826K, committed 8512K, reserved 1048576K
}
Event: 1701.586 GC heap after
{Heap after GC invocations=191 (full 3):
 PSYoungGen      total 8704K, used 796K [0x00000000d5580000, 0x00000000d6000000, 0x0000000100000000)
  eden space 7680K, 0% used [0x00000000d5580000,0x00000000d5580000,0x00000000d5d00000)
  from space 1024K, 77% used [0x00000000d5f00000,0x00000000d5fc7000,0x00000000d6000000)
  to   space 1024K, 0% used [0x00000000d5e00000,0x00000000d5e00000,0x00000000d5f00000)
 ParOldGen       total 153088K, used 152642K [0x0000000080000000, 0x0000000089580000, 0x00000000d5580000)
  object space 153088K, 99% used [0x0000000080000000,0x0000000089510b60,0x0000000089580000)
 Metaspace       used 73144K, committed 74688K, reserved 1179648K
  class space    used 7826K, committed 8512K, reserved 1048576K
}
Event: 1701.624 GC heap before
{Heap before GC invocations=192 (full 3):
 PSYoungGen      total 8704K, used 8476K [0x00000000d5580000, 0x00000000d6000000, 0x0000000100000000)
  eden space 7680K, 100% used [0x00000000d5580000,0x00000000d5d00000,0x00000000d5d00000)
  from space 1024K, 77% used [0x00000000d5f00000,0x00000000d5fc7000,0x00000000d6000000)
  to   space 1024K, 0% used [0x00000000d5e00000,0x00000000d5e00000,0x00000000d5f00000)
 ParOldGen       total 153088K, used 152642K [0x0000000080000000, 0x0000000089580000, 0x00000000d5580000)
  object space 153088K, 99% used [0x0000000080000000,0x0000000089510b60,0x0000000089580000)
 Metaspace       used 73144K, committed 74688K, reserved 1179648K
  class space    used 7826K, committed 8512K, reserved 1048576K
}
Event: 1701.627 GC heap after
{Heap after GC invocations=192 (full 3):
 PSYoungGen      total 8704K, used 576K [0x00000000d5580000, 0x00000000d5f80000, 0x0000000100000000)
  eden space 7680K, 0% used [0x00000000d5580000,0x00000000d5580000,0x00000000d5d00000)
  from space 1024K, 56% used [0x00000000d5e00000,0x00000000d5e90000,0x00000000d5f00000)
  to   space 512K, 0% used [0x00000000d5f00000,0x00000000d5f00000,0x00000000d5f80000)
 ParOldGen       total 153600K, used 153321K [0x0000000080000000, 0x0000000089600000, 0x00000000d5580000)
  object space 153600K, 99% used [0x0000000080000000,0x00000000895ba578,0x0000000089600000)
 Metaspace       used 73144K, committed 74688K, reserved 1179648K
  class space    used 7826K, committed 8512K, reserved 1048576K
}
Event: 1702.047 GC heap before
{Heap before GC invocations=193 (full 3):
 PSYoungGen      total 8704K, used 8256K [0x00000000d5580000, 0x00000000d5f80000, 0x0000000100000000)
  eden space 7680K, 100% used [0x00000000d5580000,0x00000000d5d00000,0x00000000d5d00000)
  from space 1024K, 56% used [0x00000000d5e00000,0x00000000d5e90000,0x00000000d5f00000)
  to   space 512K, 0% used [0x00000000d5f00000,0x00000000d5f00000,0x00000000d5f80000)
 ParOldGen       total 153600K, used 153321K [0x0000000080000000, 0x0000000089600000, 0x00000000d5580000)
  object space 153600K, 99% used [0x0000000080000000,0x00000000895ba578,0x0000000089600000)
 Metaspace       used 73247K, committed 74816K, reserved 1179648K
  class space    used 7852K, committed 8512K, reserved 1048576K
}
Event: 1702.051 GC heap after
{Heap after GC invocations=193 (full 3):
 PSYoungGen      total 8192K, used 512K [0x00000000d5580000, 0x00000000d6100000, 0x0000000100000000)
  eden space 7680K, 0% used [0x00000000d5580000,0x00000000d5580000,0x00000000d5d00000)
  from space 512K, 100% used [0x00000000d5f00000,0x00000000d5f80000,0x00000000d5f80000)
  to   space 2048K, 0% used [0x00000000d5d00000,0x00000000d5d00000,0x00000000d5f00000)
 ParOldGen       total 154624K, used 154554K [0x0000000080000000, 0x0000000089700000, 0x00000000d5580000)
  object space 154624K, 99% used [0x0000000080000000,0x00000000896ee8b8,0x0000000089700000)
 Metaspace       used 73247K, committed 74816K, reserved 1179648K
  class space    used 7852K, committed 8512K, reserved 1048576K
}
Event: 1702.271 GC heap before
{Heap before GC invocations=194 (full 3):
 PSYoungGen      total 8192K, used 7657K [0x00000000d5580000, 0x00000000d6100000, 0x0000000100000000)
  eden space 7680K, 93% used [0x00000000d5580000,0x00000000d5c7a6d8,0x00000000d5d00000)
  from space 512K, 100% used [0x00000000d5f00000,0x00000000d5f80000,0x00000000d5f80000)
  to   space 2048K, 0% used [0x00000000d5d00000,0x00000000d5d00000,0x00000000d5f00000)
 ParOldGen       total 154624K, used 154554K [0x0000000080000000, 0x0000000089700000, 0x00000000d5580000)
  object space 154624K, 99% used [0x0000000080000000,0x00000000896ee8b8,0x0000000089700000)
 Metaspace       used 73254K, committed 74816K, reserved 1179648K
  class space    used 7852K, committed 8512K, reserved 1048576K
}
Event: 1702.277 GC heap after
{Heap after GC invocations=194 (full 3):
 PSYoungGen      total 9728K, used 2044K [0x00000000d5580000, 0x00000000d6700000, 0x0000000100000000)
  eden space 7680K, 0% used [0x00000000d5580000,0x00000000d5580000,0x00000000d5d00000)
  from space 2048K, 99% used [0x00000000d5d00000,0x00000000d5eff0a8,0x00000000d5f00000)
  to   space 5120K, 0% used [0x00000000d6200000,0x00000000d6200000,0x00000000d6700000)
 ParOldGen       total 157184K, used 156972K [0x0000000080000000, 0x0000000089980000, 0x00000000d5580000)
  object space 157184K, 99% used [0x0000000080000000,0x000000008994b388,0x0000000089980000)
 Metaspace       used 73254K, committed 74816K, reserved 1179648K
  class space    used 7852K, committed 8512K, reserved 1048576K
}
Event: 1846.792 GC heap before
{Heap before GC invocations=195 (full 3):
 PSYoungGen      total 9728K, used 9724K [0x00000000d5580000, 0x00000000d6700000, 0x0000000100000000)
  eden space 7680K, 100% used [0x00000000d5580000,0x00000000d5d00000,0x00000000d5d00000)
  from space 2048K, 99% used [0x00000000d5d00000,0x00000000d5eff0a8,0x00000000d5f00000)
  to   space 5120K, 0% used [0x00000000d6200000,0x00000000d6200000,0x00000000d6700000)
 ParOldGen       total 157184K, used 156972K [0x0000000080000000, 0x0000000089980000, 0x00000000d5580000)
  object space 157184K, 99% used [0x0000000080000000,0x000000008994b388,0x0000000089980000)
 Metaspace       used 73286K, committed 74816K, reserved 1179648K
  class space    used 7852K, committed 8512K, reserved 1048576K
}
Event: 1846.852 GC heap after
{Heap after GC invocations=195 (full 3):
 PSYoungGen      total 9216K, used 1184K [0x00000000d5580000, 0x00000000d6380000, 0x0000000100000000)
  eden space 7680K, 0% used [0x00000000d5580000,0x00000000d5580000,0x00000000d5d00000)
  from space 1536K, 77% used [0x00000000d6200000,0x00000000d6328010,0x00000000d6380000)
  to   space 2560K, 0% used [0x00000000d5e80000,0x00000000d5e80000,0x00000000d6100000)
 ParOldGen       total 157696K, used 157261K [0x0000000080000000, 0x0000000089a00000, 0x00000000d5580000)
  object space 157696K, 99% used [0x0000000080000000,0x0000000089993788,0x0000000089a00000)
 Metaspace       used 73286K, committed 74816K, reserved 1179648K
  class space    used 7852K, committed 8512K, reserved 1048576K
}
Event: 1848.223 GC heap before
{Heap before GC invocations=196 (full 3):
 PSYoungGen      total 9216K, used 8864K [0x00000000d5580000, 0x00000000d6380000, 0x0000000100000000)
  eden space 7680K, 100% used [0x00000000d5580000,0x00000000d5d00000,0x00000000d5d00000)
  from space 1536K, 77% used [0x00000000d6200000,0x00000000d6328010,0x00000000d6380000)
  to   space 2560K, 0% used [0x00000000d5e80000,0x00000000d5e80000,0x00000000d6100000)
 ParOldGen       total 157696K, used 157261K [0x0000000080000000, 0x0000000089a00000, 0x00000000d5580000)
  object space 157696K, 99% used [0x0000000080000000,0x0000000089993788,0x0000000089a00000)
 Metaspace       used 73289K, committed 74816K, reserved 1179648K
  class space    used 7852K, committed 8512K, reserved 1048576K
}
Event: 1848.227 GC heap after
{Heap after GC invocations=196 (full 3):
 PSYoungGen      total 10240K, used 320K [0x00000000d5580000, 0x00000000d6280000, 0x0000000100000000)
  eden space 7680K, 0% used [0x00000000d5580000,0x00000000d5580000,0x00000000d5d00000)
  from space 2560K, 12% used [0x00000000d5e80000,0x00000000d5ed0000,0x00000000d6100000)
  to   space 1024K, 0% used [0x00000000d6180000,0x00000000d6180000,0x00000000d6280000)
 ParOldGen       total 158720K, used 158333K [0x0000000080000000, 0x0000000089b00000, 0x00000000d5580000)
  object space 158720K, 99% used [0x0000000080000000,0x0000000089a9f798,0x0000000089b00000)
 Metaspace       used 73289K, committed 74816K, reserved 1179648K
  class space    used 7852K, committed 8512K, reserved 1048576K
}
Event: 1879.008 GC heap before
{Heap before GC invocations=197 (full 3):
 PSYoungGen      total 10240K, used 8000K [0x00000000d5580000, 0x00000000d6280000, 0x0000000100000000)
  eden space 7680K, 100% used [0x00000000d5580000,0x00000000d5d00000,0x00000000d5d00000)
  from space 2560K, 12% used [0x00000000d5e80000,0x00000000d5ed0000,0x00000000d6100000)
  to   space 1024K, 0% used [0x00000000d6180000,0x00000000d6180000,0x00000000d6280000)
 ParOldGen       total 158720K, used 158333K [0x0000000080000000, 0x0000000089b00000, 0x00000000d5580000)
  object space 158720K, 99% used [0x0000000080000000,0x0000000089a9f798,0x0000000089b00000)
 Metaspace       used 73303K, committed 74816K, reserved 1179648K
  class space    used 7852K, committed 8512K, reserved 1048576K
}
Event: 1879.017 GC heap after
{Heap after GC invocations=197 (full 3):
 PSYoungGen      total 8192K, used 288K [0x00000000d5580000, 0x00000000d6200000, 0x0000000100000000)
  eden space 7680K, 0% used [0x00000000d5580000,0x00000000d5580000,0x00000000d5d00000)
  from space 512K, 56% used [0x00000000d6180000,0x00000000d61c8000,0x00000000d6200000)
  to   space 512K, 0% used [0x00000000d6100000,0x00000000d6100000,0x00000000d6180000)
 ParOldGen       total 158720K, used 158373K [0x0000000080000000, 0x0000000089b00000, 0x00000000d5580000)
  object space 158720K, 99% used [0x0000000080000000,0x0000000089aa9798,0x0000000089b00000)
 Metaspace       used 73303K, committed 74816K, reserved 1179648K
  class space    used 7852K, committed 8512K, reserved 1048576K
}
Event: 1931.155 GC heap before
{Heap before GC invocations=198 (full 3):
 PSYoungGen      total 8192K, used 7968K [0x00000000d5580000, 0x00000000d6200000, 0x0000000100000000)
  eden space 7680K, 100% used [0x00000000d5580000,0x00000000d5d00000,0x00000000d5d00000)
  from space 512K, 56% used [0x00000000d6180000,0x00000000d61c8000,0x00000000d6200000)
  to   space 512K, 0% used [0x00000000d6100000,0x00000000d6100000,0x00000000d6180000)
 ParOldGen       total 158720K, used 158373K [0x0000000080000000, 0x0000000089b00000, 0x00000000d5580000)
  object space 158720K, 99% used [0x0000000080000000,0x0000000089aa9798,0x0000000089b00000)
 Metaspace       used 73306K, committed 74816K, reserved 1179648K
  class space    used 7852K, committed 8512K, reserved 1048576K
}
Event: 1931.165 GC heap after
{Heap after GC invocations=198 (full 3):
 PSYoungGen      total 8192K, used 288K [0x00000000d5580000, 0x00000000d6200000, 0x0000000100000000)
  eden space 7680K, 0% used [0x00000000d5580000,0x00000000d5580000,0x00000000d5d00000)
  from space 512K, 56% used [0x00000000d6100000,0x00000000d6148000,0x00000000d6180000)
  to   space 512K, 0% used [0x00000000d6180000,0x00000000d6180000,0x00000000d6200000)
 ParOldGen       total 158720K, used 158405K [0x0000000080000000, 0x0000000089b00000, 0x00000000d5580000)
  object space 158720K, 99% used [0x0000000080000000,0x0000000089ab1798,0x0000000089b00000)
 Metaspace       used 73306K, committed 74816K, reserved 1179648K
  class space    used 7852K, committed 8512K, reserved 1048576K
}

