# JRE version: OpenJDK Runtime Environment Temurin-21.0.10+7 (21.0.10+7) (build 21.0.10+7-LTS)
# Java VM: OpenJDK 64-Bit Server VM Temurin-21.0.10+7 (21.0.10+7-LTS, mixed mode, sharing, tiered, compressed oops, compressed class ptrs, parallel gc, windows-amd64)
GC Precious Log:
 CardTable entry size: 512
 CPUs: 12 total, 12 available
 Memory: 7830M
 Large Page Support: Disabled
 NUMA Support: Disabled
 Compressed Oops: Enabled (32-bit)
 Alignments: Space 512K, Generation 512K, Heap 2M
 Heap Min Capacity: 100M
 Heap Initial Capacity: 100M
 Heap Max Capacity: 2G
 Pre-touch: Disabled
 Parallel Workers: 10
Heap:
 PSYoungGen      total 8704K, used 2270K [0x00000000d5580000, 0x00000000d5f80000, 0x0000000100000000)
  eden space 8192K, 21% used [0x00000000d5580000,0x00000000d573ea30,0x00000000d5d80000)
  from space 512K, 94% used [0x00000000d5e80000,0x00000000d5ef91b8,0x00000000d5f00000)
  to   space 512K, 0% used [0x00000000d5f00000,0x00000000d5f00000,0x00000000d5f80000)
 ParOldGen       total 388608K, used 388574K [0x0000000080000000, 0x0000000097b80000, 0x00000000d5580000)
  object space 388608K, 99% used [0x0000000080000000,0x0000000097b77890,0x0000000097b80000)
 Metaspace       used 64058K, committed 65600K, reserved 1114112K
  class space    used 6733K, committed 7360K, reserved 1048576K
GC Heap History (20 events):
Event: 74.038 GC heap before
{Heap before GC invocations=960 (full 3):
 PSYoungGen      total 8704K, used 8605K [0x00000000d5580000, 0x00000000d5f00000, 0x0000000100000000)
  eden space 8192K, 100% used [0x00000000d5580000,0x00000000d5d80000,0x00000000d5d80000)
  from space 512K, 80% used [0x00000000d5e80000,0x00000000d5ee7698,0x00000000d5f00000)
  to   space 512K, 0% used [0x00000000d5e00000,0x00000000d5e00000,0x00000000d5e80000)
 ParOldGen       total 386048K, used 385847K [0x0000000080000000, 0x0000000097900000, 0x00000000d5580000)
  object space 386048K, 99% used [0x0000000080000000,0x00000000978cdf20,0x0000000097900000)
 Metaspace       used 63772K, committed 65216K, reserved 1114112K
  class space    used 6695K, committed 7296K, reserved 1048576K
}
Event: 74.042 GC heap after
{Heap after GC invocations=960 (full 3):
 PSYoungGen      total 8704K, used 383K [0x00000000d5580000, 0x00000000d5f00000, 0x0000000100000000)
  eden space 8192K, 0% used [0x00000000d5580000,0x00000000d5580000,0x00000000d5d80000)
  from space 512K, 74% used [0x00000000d5e00000,0x00000000d5e5fff0,0x00000000d5e80000)
  to   space 512K, 0% used [0x00000000d5e80000,0x00000000d5e80000,0x00000000d5f00000)
 ParOldGen       total 386048K, used 385895K [0x0000000080000000, 0x0000000097900000, 0x00000000d5580000)
  object space 386048K, 99% used [0x0000000080000000,0x00000000978d9f20,0x0000000097900000)
 Metaspace       used 63772K, committed 65216K, reserved 1114112K
  class space    used 6695K, committed 7296K, reserved 1048576K
}
Event: 74.082 GC heap before
{Heap before GC invocations=961 (full 3):
 PSYoungGen      total 8704K, used 8575K [0x00000000d5580000, 0x00000000d5f00000, 0x0000000100000000)
  eden space 8192K, 100% used [0x00000000d5580000,0x00000000d5d80000,0x00000000d5d80000)
  from space 512K, 74% used [0x00000000d5e00000,0x00000000d5e5fff0,0x00000000d5e80000)
  to   space 512K, 0% used [0x00000000d5e80000,0x00000000d5e80000,0x00000000d5f00000)
 ParOldGen       total 386048K, used 385895K [0x0000000080000000, 0x0000000097900000, 0x00000000d5580000)
  object space 386048K, 99% used [0x0000000080000000,0x00000000978d9f20,0x0000000097900000)
 Metaspace       used 63772K, committed 65216K, reserved 1114112K
  class space    used 6695K, committed 7296K, reserved 1048576K
}
Event: 74.085 GC heap after
{Heap after GC invocations=961 (full 3):
 PSYoungGen      total 8704K, used 372K [0x00000000d5580000, 0x00000000d5f00000, 0x0000000100000000)
  eden space 8192K, 0% used [0x00000000d5580000,0x00000000d5580000,0x00000000d5d80000)
  from space 512K, 72% used [0x00000000d5e80000,0x00000000d5edd200,0x00000000d5f00000)
  to   space 512K, 0% used [0x00000000d5e00000,0x00000000d5e00000,0x00000000d5e80000)
 ParOldGen       total 386048K, used 385935K [0x0000000080000000, 0x0000000097900000, 0x00000000d5580000)
  object space 386048K, 99% used [0x0000000080000000,0x00000000978e3f20,0x0000000097900000)
 Metaspace       used 63772K, committed 65216K, reserved 1114112K
  class space    used 6695K, committed 7296K, reserved 1048576K
}
Event: 74.106 GC heap before
{Heap before GC invocations=962 (full 3):
 PSYoungGen      total 8704K, used 8564K [0x00000000d5580000, 0x00000000d5f00000, 0x0000000100000000)
  eden space 8192K, 100% used [0x00000000d5580000,0x00000000d5d80000,0x00000000d5d80000)
  from space 512K, 72% used [0x00000000d5e80000,0x00000000d5edd200,0x00000000d5f00000)
  to   space 512K, 0% used [0x00000000d5e00000,0x00000000d5e00000,0x00000000d5e80000)
 ParOldGen       total 386048K, used 385935K [0x0000000080000000, 0x0000000097900000, 0x00000000d5580000)
  object space 386048K, 99% used [0x0000000080000000,0x00000000978e3f20,0x0000000097900000)
 Metaspace       used 63772K, committed 65216K, reserved 1114112K
  class space    used 6695K, committed 7296K, reserved 1048576K
}
Event: 74.108 GC heap after
{Heap after GC invocations=962 (full 3):
 PSYoungGen      total 8704K, used 507K [0x00000000d5580000, 0x00000000d5f80000, 0x0000000100000000)
  eden space 8192K, 0% used [0x00000000d5580000,0x00000000d5580000,0x00000000d5d80000)
  from space 512K, 99% used [0x00000000d5e00000,0x00000000d5e7ed98,0x00000000d5e80000)
  to   space 1024K, 0% used [0x00000000d5e80000,0x00000000d5e80000,0x00000000d5f80000)
 ParOldGen       total 386560K, used 386166K [0x0000000080000000, 0x0000000097980000, 0x00000000d5580000)
  object space 386560K, 99% used [0x0000000080000000,0x000000009791daf8,0x0000000097980000)
 Metaspace       used 63772K, committed 65216K, reserved 1114112K
  class space    used 6695K, committed 7296K, reserved 1048576K
}
Event: 74.122 GC heap before
{Heap before GC invocations=963 (full 3):
 PSYoungGen      total 8704K, used 8699K [0x00000000d5580000, 0x00000000d5f80000, 0x0000000100000000)
  eden space 8192K, 100% used [0x00000000d5580000,0x00000000d5d80000,0x00000000d5d80000)
  from space 512K, 99% used [0x00000000d5e00000,0x00000000d5e7ed98,0x00000000d5e80000)
  to   space 1024K, 0% used [0x00000000d5e80000,0x00000000d5e80000,0x00000000d5f80000)
 ParOldGen       total 386560K, used 386166K [0x0000000080000000, 0x0000000097980000, 0x00000000d5580000)
  object space 386560K, 99% used [0x0000000080000000,0x000000009791daf8,0x0000000097980000)
 Metaspace       used 63772K, committed 65216K, reserved 1114112K
  class space    used 6695K, committed 7296K, reserved 1048576K
}
Event: 74.124 GC heap after
{Heap after GC invocations=963 (full 3):
 PSYoungGen      total 8704K, used 256K [0x00000000d5580000, 0x00000000d5f00000, 0x0000000100000000)
  eden space 8192K, 0% used [0x00000000d5580000,0x00000000d5580000,0x00000000d5d80000)
  from space 512K, 50% used [0x00000000d5e80000,0x00000000d5ec0000,0x00000000d5f00000)
  to   space 512K, 0% used [0x00000000d5e00000,0x00000000d5e00000,0x00000000d5e80000)
 ParOldGen       total 387072K, used 386626K [0x0000000080000000, 0x0000000097a00000, 0x00000000d5580000)
  object space 387072K, 99% used [0x0000000080000000,0x0000000097990890,0x0000000097a00000)
 Metaspace       used 63772K, committed 65216K, reserved 1114112K
  class space    used 6695K, committed 7296K, reserved 1048576K
}
Event: 74.152 GC heap before
{Heap before GC invocations=964 (full 3):
 PSYoungGen      total 8704K, used 8448K [0x00000000d5580000, 0x00000000d5f00000, 0x0000000100000000)
  eden space 8192K, 100% used [0x00000000d5580000,0x00000000d5d80000,0x00000000d5d80000)
  from space 512K, 50% used [0x00000000d5e80000,0x00000000d5ec0000,0x00000000d5f00000)
  to   space 512K, 0% used [0x00000000d5e00000,0x00000000d5e00000,0x00000000d5e80000)
 ParOldGen       total 387072K, used 386626K [0x0000000080000000, 0x0000000097a00000, 0x00000000d5580000)
  object space 387072K, 99% used [0x0000000080000000,0x0000000097990890,0x0000000097a00000)
 Metaspace       used 63774K, committed 65216K, reserved 1114112K
  class space    used 6695K, committed 7296K, reserved 1048576K
}
Event: 74.154 GC heap after
{Heap after GC invocations=964 (full 3):
 PSYoungGen      total 8704K, used 482K [0x00000000d5580000, 0x00000000d6080000, 0x0000000100000000)
  eden space 8192K, 0% used [0x00000000d5580000,0x00000000d5580000,0x00000000d5d80000)
  from space 512K, 94% used [0x00000000d5e00000,0x00000000d5e78b28,0x00000000d5e80000)
  to   space 1536K, 0% used [0x00000000d5f00000,0x00000000d5f00000,0x00000000d6080000)
 ParOldGen       total 388096K, used 387440K [0x0000000080000000, 0x0000000097b00000, 0x00000000d5580000)
  object space 388096K, 99% used [0x0000000080000000,0x0000000097a5c0c0,0x0000000097b00000)
 Metaspace       used 63774K, committed 65216K, reserved 1114112K
  class space    used 6695K, committed 7296K, reserved 1048576K
}
Event: 74.174 GC heap before
{Heap before GC invocations=965 (full 3):
 PSYoungGen      total 8704K, used 8674K [0x00000000d5580000, 0x00000000d6080000, 0x0000000100000000)
  eden space 8192K, 100% used [0x00000000d5580000,0x00000000d5d80000,0x00000000d5d80000)
  from space 512K, 94% used [0x00000000d5e00000,0x00000000d5e78b28,0x00000000d5e80000)
  to   space 1536K, 0% used [0x00000000d5f00000,0x00000000d5f00000,0x00000000d6080000)
 ParOldGen       total 388096K, used 387440K [0x0000000080000000, 0x0000000097b00000, 0x00000000d5580000)
  object space 388096K, 99% used [0x0000000080000000,0x0000000097a5c0c0,0x0000000097b00000)
 Metaspace       used 63774K, committed 65216K, reserved 1114112K
  class space    used 6695K, committed 7296K, reserved 1048576K
}
Event: 74.179 GC heap after
{Heap after GC invocations=965 (full 3):
 PSYoungGen      total 8704K, used 320K [0x00000000d5580000, 0x00000000d5f80000, 0x0000000100000000)
  eden space 8192K, 0% used [0x00000000d5580000,0x00000000d5580000,0x00000000d5d80000)
  from space 512K, 62% used [0x00000000d5f00000,0x00000000d5f50000,0x00000000d5f80000)
  to   space 1024K, 0% used [0x00000000d5d80000,0x00000000d5d80000,0x00000000d5e80000)
 ParOldGen       total 388096K, used 387766K [0x0000000080000000, 0x0000000097b00000, 0x00000000d5580000)
  object space 388096K, 99% used [0x0000000080000000,0x0000000097aad880,0x0000000097b00000)
 Metaspace       used 63774K, committed 65216K, reserved 1114112K
  class space    used 6695K, committed 7296K, reserved 1048576K
}
Event: 74.200 GC heap before
{Heap before GC invocations=966 (full 3):
 PSYoungGen      total 8704K, used 8512K [0x00000000d5580000, 0x00000000d5f80000, 0x0000000100000000)
  eden space 8192K, 100% used [0x00000000d5580000,0x00000000d5d80000,0x00000000d5d80000)
  from space 512K, 62% used [0x00000000d5f00000,0x00000000d5f50000,0x00000000d5f80000)
  to   space 1024K, 0% used [0x00000000d5d80000,0x00000000d5d80000,0x00000000d5e80000)
 ParOldGen       total 388096K, used 387766K [0x0000000080000000, 0x0000000097b00000, 0x00000000d5580000)
  object space 388096K, 99% used [0x0000000080000000,0x0000000097aad880,0x0000000097b00000)
 Metaspace       used 63774K, committed 65216K, reserved 1114112K
  class space    used 6695K, committed 7296K, reserved 1048576K
}
Event: 74.203 GC heap after
{Heap after GC invocations=966 (full 3):
 PSYoungGen      total 9216K, used 288K [0x00000000d5580000, 0x00000000d5f80000, 0x0000000100000000)
  eden space 8192K, 0% used [0x00000000d5580000,0x00000000d5580000,0x00000000d5d80000)
  from space 1024K, 28% used [0x00000000d5d80000,0x00000000d5dc8000,0x00000000d5e80000)
  to   space 512K, 0% used [0x00000000d5f00000,0x00000000d5f00000,0x00000000d5f80000)
 ParOldGen       total 388096K, used 388046K [0x0000000080000000, 0x0000000097b00000, 0x00000000d5580000)
  object space 388096K, 99% used [0x0000000080000000,0x0000000097af3890,0x0000000097b00000)
 Metaspace       used 63774K, committed 65216K, reserved 1114112K
  class space    used 6695K, committed 7296K, reserved 1048576K
}
Event: 74.222 GC heap before
{Heap before GC invocations=967 (full 3):
 PSYoungGen      total 9216K, used 7961K [0x00000000d5580000, 0x00000000d5f80000, 0x0000000100000000)
  eden space 8192K, 93% used [0x00000000d5580000,0x00000000d5cfe5a0,0x00000000d5d80000)
  from space 1024K, 28% used [0x00000000d5d80000,0x00000000d5dc8000,0x00000000d5e80000)
  to   space 512K, 0% used [0x00000000d5f00000,0x00000000d5f00000,0x00000000d5f80000)
 ParOldGen       total 388096K, used 388046K [0x0000000080000000, 0x0000000097b00000, 0x00000000d5580000)
  object space 388096K, 99% used [0x0000000080000000,0x0000000097af3890,0x0000000097b00000)
 Metaspace       used 63774K, committed 65216K, reserved 1114112K
  class space    used 6695K, committed 7296K, reserved 1048576K
}
Event: 74.224 GC heap after
{Heap after GC invocations=967 (full 3):
 PSYoungGen      total 8704K, used 320K [0x00000000d5580000, 0x00000000d5f80000, 0x0000000100000000)
  eden space 8192K, 0% used [0x00000000d5580000,0x00000000d5580000,0x00000000d5d80000)
  from space 512K, 62% used [0x00000000d5f00000,0x00000000d5f50000,0x00000000d5f80000)
  to   space 512K, 0% used [0x00000000d5e80000,0x00000000d5e80000,0x00000000d5f00000)
 ParOldGen       total 388608K, used 388230K [0x0000000080000000, 0x0000000097b80000, 0x00000000d5580000)
  object space 388608K, 99% used [0x0000000080000000,0x0000000097b21890,0x0000000097b80000)
 Metaspace       used 63774K, committed 65216K, reserved 1114112K
  class space    used 6695K, committed 7296K, reserved 1048576K
}
Event: 74.264 GC heap before
{Heap before GC invocations=968 (full 3):
 PSYoungGen      total 8704K, used 8512K [0x00000000d5580000, 0x00000000d5f80000, 0x0000000100000000)
  eden space 8192K, 100% used [0x00000000d5580000,0x00000000d5d80000,0x00000000d5d80000)
  from space 512K, 62% used [0x00000000d5f00000,0x00000000d5f50000,0x00000000d5f80000)
  to   space 512K, 0% used [0x00000000d5e80000,0x00000000d5e80000,0x00000000d5f00000)
 ParOldGen       total 388608K, used 388230K [0x0000000080000000, 0x0000000097b80000, 0x00000000d5580000)
  object space 388608K, 99% used [0x0000000080000000,0x0000000097b21890,0x0000000097b80000)
 Metaspace       used 63778K, committed 65216K, reserved 1114112K
  class space    used 6695K, committed 7296K, reserved 1048576K
}
Event: 74.267 GC heap after
{Heap after GC invocations=968 (full 3):
 PSYoungGen      total 8704K, used 288K [0x00000000d5580000, 0x00000000d5f80000, 0x0000000100000000)
  eden space 8192K, 0% used [0x00000000d5580000,0x00000000d5580000,0x00000000d5d80000)
  from space 512K, 56% used [0x00000000d5e80000,0x00000000d5ec8000,0x00000000d5f00000)
  to   space 512K, 0% used [0x00000000d5f00000,0x00000000d5f00000,0x00000000d5f80000)
 ParOldGen       total 388608K, used 388430K [0x0000000080000000, 0x0000000097b80000, 0x00000000d5580000)
  object space 388608K, 99% used [0x0000000080000000,0x0000000097b53890,0x0000000097b80000)
 Metaspace       used 63778K, committed 65216K, reserved 1114112K
  class space    used 6695K, committed 7296K, reserved 1048576K
}
Event: 74.331 GC heap before
{Heap before GC invocations=969 (full 3):
 PSYoungGen      total 8704K, used 8480K [0x00000000d5580000, 0x00000000d5f80000, 0x0000000100000000)
  eden space 8192K, 100% used [0x00000000d5580000,0x00000000d5d80000,0x00000000d5d80000)
  from space 512K, 56% used [0x00000000d5e80000,0x00000000d5ec8000,0x00000000d5f00000)
  to   space 512K, 0% used [0x00000000d5f00000,0x00000000d5f00000,0x00000000d5f80000)
 ParOldGen       total 388608K, used 388430K [0x0000000080000000, 0x0000000097b80000, 0x00000000d5580000)
  object space 388608K, 99% used [0x0000000080000000,0x0000000097b53890,0x0000000097b80000)
 Metaspace       used 63790K, committed 65216K, reserved 1114112K
  class space    used 6695K, committed 7296K, reserved 1048576K
}
Event: 74.333 GC heap after
{Heap after GC invocations=969 (full 3):
 PSYoungGen      total 8704K, used 320K [0x00000000d5580000, 0x00000000d5f80000, 0x0000000100000000)
  eden space 8192K, 0% used [0x00000000d5580000,0x00000000d5580000,0x00000000d5d80000)
  from space 512K, 62% used [0x00000000d5f00000,0x00000000d5f50000,0x00000000d5f80000)
  to   space 512K, 0% used [0x00000000d5e80000,0x00000000d5e80000,0x00000000d5f00000)
 ParOldGen       total 388608K, used 388502K [0x0000000080000000, 0x0000000097b80000, 0x00000000d5580000)
  object space 388608K, 99% used [0x0000000080000000,0x0000000097b65890,0x0000000097b80000)
 Metaspace       used 63790K, committed 65216K, reserved 1114112K
  class space    used 6695K, committed 7296K, reserved 1048576K
}

